#
# There is insufficient memory for the Java Runtime Environment to continue.
# Native memory allocation (malloc) failed to allocate 32744 bytes for ChunkPool::allocate
# Possible reasons:
#   The system is out of physical RAM or swap space
#   In 32 bit mode, the process size limit was hit
# Possible solutions:
#   Reduce memory load on the system
#   Increase physical memory or swap space
#   Check if swap backing store is full
#   Use 64 bit Java on a 64 bit OS
#   Decrease Java heap size (-Xmx/-Xms)
#   Decrease number of Java threads
#   Decrease Java thread stack sizes (-Xss)
#   Set larger code cache with -XX:ReservedCodeCacheSize=
# This output file may be truncated or incomplete.
#
#  Out of Memory Error (allocation.cpp:273), pid=17256, tid=0x0000000000000320
#
# JRE version: Java(TM) SE Runtime Environment (8.0_121-b13) (build 1.8.0_121-b13)
# Java VM: Java HotSpot(TM) 64-Bit Server VM (25.121-b13 mixed mode windows-amd64 compressed oops)
# Failed to write core dump. Minidumps are not enabled by default on client versions of Windows
#

---------------  T H R E A D  ---------------

Current thread (0x0000000018f47800):  JavaThread "C2 CompilerThread1" daemon [_thread_in_native, id=800, stack(0x000000001a680000,0x000000001a780000)]

Stack: [0x000000001a680000,0x000000001a780000]
[error occurred during error reporting (printing stack bounds), id 0xc0000005]

Native frames: (J=compiled Java code, j=interpreted, Vv=VM code, C=native code)


Current CompileTask:
C2:5519653 2198  s!   4       javax.swing.text.html.parser.Parser::parse (282 bytes)


---------------  P R O C E S S  ---------------

Java Threads: ( => current thread )
  0x000000001baa3800 JavaThread "SwingWorker-pool-1-thread-1" daemon [_thread_blocked, id=12064, stack(0x000000001c8f0000,0x000000001c9f0000)]
  0x000000001b979000 JavaThread "TimerQueue" daemon [_thread_blocked, id=8032, stack(0x000000001c7f0000,0x000000001c8f0000)]
  0x00000000043de000 JavaThread "DestroyJavaVM" [_thread_blocked, id=11608, stack(0x0000000004190000,0x0000000004290000)]
  0x000000001ac78800 JavaThread "AWT-EventQueue-0" [_thread_in_native, id=13136, stack(0x000000001b6e0000,0x000000001b7e0000)]
  0x000000001ac77800 JavaThread "AWT-Windows" daemon [_thread_in_native, id=7772, stack(0x000000001b450000,0x000000001b550000)]
  0x000000001ac76800 JavaThread "AWT-Shutdown" [_thread_blocked, id=9396, stack(0x000000001b350000,0x000000001b450000)]
  0x000000001ac74000 JavaThread "Java2D Disposer" daemon [_thread_blocked, id=16364, stack(0x000000001b250000,0x000000001b350000)]
  0x000000001a8b1800 JavaThread "Service Thread" daemon [_thread_blocked, id=896, stack(0x000000001ac80000,0x000000001ad80000)]
  0x0000000018f55800 JavaThread "C1 CompilerThread2" daemon [_thread_blocked, id=8400, stack(0x000000001a780000,0x000000001a880000)]
=>0x0000000018f47800 JavaThread "C2 CompilerThread1" daemon [_thread_in_native, id=800, stack(0x000000001a680000,0x000000001a780000)]
  0x0000000018f3f000 JavaThread "C2 CompilerThread0" daemon [_thread_in_native, id=12816, stack(0x000000001a580000,0x000000001a680000)]
  0x0000000018f3c800 JavaThread "Attach Listener" daemon [_thread_blocked, id=1692, stack(0x000000001a480000,0x000000001a580000)]
  0x0000000018f3b800 JavaThread "Signal Dispatcher" daemon [_thread_blocked, id=11576, stack(0x000000001a380000,0x000000001a480000)]
  0x0000000018f2a800 JavaThread "Finalizer" daemon [_thread_blocked, id=11560, stack(0x000000001a190000,0x000000001a290000)]
  0x00000000043a0000 JavaThread "Reference Handler" daemon [_thread_blocked, id=11820, stack(0x000000001a090000,0x000000001a190000)]

Other Threads:
  0x0000000018f08000 VMThread [stack: 0x0000000019f90000,0x000000001a090000] [id=6920]
  0x000000001a8d5800 WatcherThread [stack: 0x000000001ad80000,0x000000001ae80000] [id=18092]

VM state:not at safepoint (normal execution)

VM Mutex/Monitor currently owned by a thread: None

Heap:
 PSYoungGen      total 29184K, used 23484K [0x00000000d5d00000, 0x00000000d8200000, 0x0000000100000000)
  eden space 28672K, 81% used [0x00000000d5d00000,0x00000000d73df1d8,0x00000000d7900000)
  from space 512K, 12% used [0x00000000d7980000,0x00000000d7990000,0x00000000d7a00000)
  to   space 4608K, 0% used [0x00000000d7d80000,0x00000000d7d80000,0x00000000d8200000)
 ParOldGen       total 87552K, used 30736K [0x0000000081600000, 0x0000000086b80000, 0x00000000d5d00000)
  object space 87552K, 35% used [0x0000000081600000,0x00000000834043a8,0x0000000086b80000)
 Metaspace       used 13149K, capacity 13310K, committed 13696K, reserved 1060864K
  class space    used 1541K, capacity 1612K, committed 1664K, reserved 1048576K

Card table byte_map: [0x00000000137a0000,0x0000000013ba0000] byte_map_base: 0x0000000013395000

Marking Bits: (ParMarkBitMap*) 0x00000000709eb6d0
 Begin Bits: [0x0000000014250000, 0x00000000161f8000)
 End Bits:   [0x00000000161f8000, 0x00000000181a0000)

Polling page: 0x0000000002880000

CodeCache: size=245760Kb used=8165Kb max_used=8361Kb free=237594Kb
 bounds [0x00000000043e0000, 0x0000000004c30000, 0x00000000133e0000]
 total_blobs=2386 nmethods=1876 adapters=421
 compilation: enabled

Compilation events (10 events):
Event: 3632.063 Thread 0x0000000018f3f000 2194       4       sun.util.logging.PlatformLogger::isLoggable (38 bytes)
Event: 3632.087 Thread 0x0000000018f3f000 nmethod 2194 0x00000000046ecb10 code [0x00000000046ecc60, 0x00000000046ecdb8]
Event: 3919.371 Thread 0x0000000018f47800 2195       4       javax.swing.text.StyleContext::getImmutableUniqueSet (62 bytes)
Event: 3919.714 Thread 0x0000000018f47800 nmethod 2195 0x00000000047e0650 code [0x00000000047e0880, 0x00000000047e1a30]
Event: 4236.909 Thread 0x0000000018f3f000 2196       4       java.util.Date::getTimeImpl (27 bytes)
Event: 4237.488 Thread 0x0000000018f3f000 nmethod 2196 0x0000000004aec1d0 code [0x0000000004aec300, 0x0000000004aec378]
Event: 4965.550 Thread 0x0000000018f3f000 2197       4       javax.swing.text.html.HTMLDocument$HTMLReader::getPathTo (66 bytes)
Event: 5100.510 Thread 0x0000000018f47800 2198  s!   4       javax.swing.text.html.parser.Parser::parse (282 bytes)
Event: 5480.834 Thread 0x0000000018f3f000 nmethod 2197 0x0000000004797650 code [0x0000000004797800, 0x0000000004797df8]
Event: 5480.834 Thread 0x0000000018f3f000 2199       4       javax.swing.text.DefaultStyledDocument$ElementBuffer::endEdits (147 bytes)

GC Heap History (10 events):
Event: 2885.096 GC heap before
{Heap before GC invocations=9 (full 0):
 PSYoungGen      total 35840K, used 31392K [0x00000000d5d00000, 0x00000000d8580000, 0x0000000100000000)
  eden space 31232K, 100% used [0x00000000d5d00000,0x00000000d7b80000,0x00000000d7b80000)
  from space 4608K, 3% used [0x00000000d8080000,0x00000000d80a8000,0x00000000d8500000)
  to   space 5120K, 0% used [0x00000000d7b80000,0x00000000d7b80000,0x00000000d8080000)
 ParOldGen       total 87552K, used 30664K [0x0000000081600000, 0x0000000086b80000, 0x00000000d5d00000)
  object space 87552K, 35% used [0x0000000081600000,0x00000000833f23a8,0x0000000086b80000)
 Metaspace       used 13148K, capacity 13310K, committed 13696K, reserved 1060864K
  class space    used 1541K, capacity 1612K, committed 1664K, reserved 1048576K
Event: 2885.120 GC heap after
Heap after GC invocations=9 (full 0):
 PSYoungGen      total 31232K, used 64K [0x00000000d5d00000, 0x00000000d8500000, 0x0000000100000000)
  eden space 30720K, 0% used [0x00000000d5d00000,0x00000000d5d00000,0x00000000d7b00000)
  from space 512K, 12% used [0x00000000d7b80000,0x00000000d7b90000,0x00000000d7c00000)
  to   space 5120K, 0% used [0x00000000d8000000,0x00000000d8000000,0x00000000d8500000)
 ParOldGen       total 87552K, used 30680K [0x0000000081600000, 0x0000000086b80000, 0x00000000d5d00000)
  object space 87552K, 35% used [0x0000000081600000,0x00000000833f63a8,0x0000000086b80000)
 Metaspace       used 13148K, capacity 13310K, committed 13696K, reserved 1060864K
  class space    used 1541K, capacity 1612K, committed 1664K, reserved 1048576K
}
Event: 3235.551 GC heap before
{Heap before GC invocations=10 (full 0):
 PSYoungGen      total 31232K, used 30784K [0x00000000d5d00000, 0x00000000d8500000, 0x0000000100000000)
  eden space 30720K, 100% used [0x00000000d5d00000,0x00000000d7b00000,0x00000000d7b00000)
  from space 512K, 12% used [0x00000000d7b80000,0x00000000d7b90000,0x00000000d7c00000)
  to   space 5120K, 0% used [0x00000000d8000000,0x00000000d8000000,0x00000000d8500000)
 ParOldGen       total 87552K, used 30680K [0x0000000081600000, 0x0000000086b80000, 0x00000000d5d00000)
  object space 87552K, 35% used [0x0000000081600000,0x00000000833f63a8,0x0000000086b80000)
 Metaspace       used 13149K, capacity 13310K, committed 13696K, reserved 1060864K
  class space    used 1541K, capacity 1612K, committed 1664K, reserved 1048576K
Event: 3235.609 GC heap after
Heap after GC invocations=10 (full 0):
 PSYoungGen      total 34816K, used 128K [0x00000000d5d00000, 0x00000000d8480000, 0x0000000100000000)
  eden space 30208K, 0% used [0x00000000d5d00000,0x00000000d5d00000,0x00000000d7a80000)
  from space 4608K, 2% used [0x00000000d8000000,0x00000000d8020000,0x00000000d8480000)
  to   space 5120K, 0% used [0x00000000d7a80000,0x00000000d7a80000,0x00000000d7f80000)
 ParOldGen       total 87552K, used 30688K [0x0000000081600000, 0x0000000086b80000, 0x00000000d5d00000)
  object space 87552K, 35% used [0x0000000081600000,0x00000000833f83a8,0x0000000086b80000)
 Metaspace       used 13149K, capacity 13310K, committed 13696K, reserved 1060864K
  class space    used 1541K, capacity 1612K, committed 1664K, reserved 1048576K
}
Event: 3577.992 GC heap before
{Heap before GC invocations=11 (full 0):
 PSYoungGen      total 34816K, used 30336K [0x00000000d5d00000, 0x00000000d8480000, 0x0000000100000000)
  eden space 30208K, 100% used [0x00000000d5d00000,0x00000000d7a80000,0x00000000d7a80000)
  from space 4608K, 2% used [0x00000000d8000000,0x00000000d8020000,0x00000000d8480000)
  to   space 5120K, 0% used [0x00000000d7a80000,0x00000000d7a80000,0x00000000d7f80000)
 ParOldGen       total 87552K, used 30688K [0x0000000081600000, 0x0000000086b80000, 0x00000000d5d00000)
  object space 87552K, 35% used [0x0000000081600000,0x00000000833f83a8,0x0000000086b80000)
 Metaspace       used 13149K, capacity 13310K, committed 13696K, reserved 1060864K
  class space    used 1541K, capacity 1612K, committed 1664K, reserved 1048576K
Event: 3578.024 GC heap after
Heap after GC invocations=11 (full 0):
 PSYoungGen      total 30208K, used 96K [0x00000000d5d00000, 0x00000000d8400000, 0x0000000100000000)
  eden space 29696K, 0% used [0x00000000d5d00000,0x00000000d5d00000,0x00000000d7a00000)
  from space 512K, 18% used [0x00000000d7a80000,0x00000000d7a98000,0x00000000d7b00000)
  to   space 5120K, 0% used [0x00000000d7f00000,0x00000000d7f00000,0x00000000d8400000)
 ParOldGen       total 87552K, used 30712K [0x0000000081600000, 0x0000000086b80000, 0x00000000d5d00000)
  object space 87552K, 35% used [0x0000000081600000,0x00000000833fe3a8,0x0000000086b80000)
 Metaspace       used 13149K, capacity 13310K, committed 13696K, reserved 1060864K
  class space    used 1541K, capacity 1612K, committed 1664K, reserved 1048576K
}
Event: 3917.454 GC heap before
{Heap before GC invocations=12 (full 0):
 PSYoungGen      total 30208K, used 29792K [0x00000000d5d00000, 0x00000000d8400000, 0x0000000100000000)
  eden space 29696K, 100% used [0x00000000d5d00000,0x00000000d7a00000,0x00000000d7a00000)
  from space 512K, 18% used [0x00000000d7a80000,0x00000000d7a98000,0x00000000d7b00000)
  to   space 5120K, 0% used [0x00000000d7f00000,0x00000000d7f00000,0x00000000d8400000)
 ParOldGen       total 87552K, used 30712K [0x0000000081600000, 0x0000000086b80000, 0x00000000d5d00000)
  object space 87552K, 35% used [0x0000000081600000,0x00000000833fe3a8,0x0000000086b80000)
 Metaspace       used 13149K, capacity 13310K, committed 13696K, reserved 1060864K
  class space    used 1541K, capacity 1612K, committed 1664K, reserved 1048576K
Event: 3917.521 GC heap after
Heap after GC invocations=12 (full 0):
 PSYoungGen      total 33792K, used 128K [0x00000000d5d00000, 0x00000000d8380000, 0x0000000100000000)
  eden space 29184K, 0% used [0x00000000d5d00000,0x00000000d5d00000,0x00000000d7980000)
  from space 4608K, 2% used [0x00000000d7f00000,0x00000000d7f20000,0x00000000d8380000)
  to   space 5120K, 0% used [0x00000000d7980000,0x00000000d7980000,0x00000000d7e80000)
 ParOldGen       total 87552K, used 30728K [0x0000000081600000, 0x0000000086b80000, 0x00000000d5d00000)
  object space 87552K, 35% used [0x0000000081600000,0x00000000834023a8,0x0000000086b80000)
 Metaspace       used 13149K, capacity 13310K, committed 13696K, reserved 1060864K
  class space    used 1541K, capacity 1612K, committed 1664K, reserved 1048576K
}
Event: 4252.004 GC heap before
{Heap before GC invocations=13 (full 0):
 PSYoungGen      total 33792K, used 29312K [0x00000000d5d00000, 0x00000000d8380000, 0x0000000100000000)
  eden space 29184K, 100% used [0x00000000d5d00000,0x00000000d7980000,0x00000000d7980000)
  from space 4608K, 2% used [0x00000000d7f00000,0x00000000d7f20000,0x00000000d8380000)
  to   space 5120K, 0% used [0x00000000d7980000,0x00000000d7980000,0x00000000d7e80000)
 ParOldGen       total 87552K, used 30728K [0x0000000081600000, 0x0000000086b80000, 0x00000000d5d00000)
  object space 87552K, 35% used [0x0000000081600000,0x00000000834023a8,0x0000000086b80000)
 Metaspace       used 13149K, capacity 13310K, committed 13696K, reserved 1060864K
  class space    used 1541K, capacity 1612K, committed 1664K, reserved 1048576K
Event: 4252.260 GC heap after
Heap after GC invocations=13 (full 0):
 PSYoungGen      total 29184K, used 64K [0x00000000d5d00000, 0x00000000d8200000, 0x0000000100000000)
  eden space 28672K, 0% used [0x00000000d5d00000,0x00000000d5d00000,0x00000000d7900000)
  from space 512K, 12% used [0x00000000d7980000,0x00000000d7990000,0x00000000d7a00000)
  to   space 4608K, 0% used [0x00000000d7d80000,0x00000000d7d80000,0x00000000d8200000)
 ParOldGen       total 87552K, used 30736K [0x0000000081600000, 0x0000000086b80000, 0x00000000d5d00000)
  object space 87552K, 35% used [0x0000000081600000,0x00000000834043a8,0x0000000086b80000)
 Metaspace       used 13149K, capacity 13310K, committed 13696K, reserved 1060864K
  class space    used 1541K, capacity 1612K, committed 1664K, reserved 1048576K
}

Deoptimization events (10 events):
Event: 1.259 Thread 0x000000001baa3800 Uncommon trap: reason=unstable_if action=reinterpret pc=0x000000000469aac4 method=javax.swing.text.html.StyleSheet$LargeConversionSet.getAttribute(Ljava/lang/Object;)Ljava/lang/Object; @ 4
Event: 1.268 Thread 0x000000001b8f6000 Uncommon trap: reason=class_check action=maybe_recompile pc=0x0000000004682518 method=java.util.Vector.indexOf(Ljava/lang/Object;I)I @ 51
Event: 1.898 Thread 0x000000001baa3800 Uncommon trap: reason=unstable_if action=reinterpret pc=0x00000000046bdbdc method=java.lang.ref.ReferenceQueue.poll()Ljava/lang/ref/Reference; @ 4
Event: 1.899 Thread 0x000000001baa3800 Uncommon trap: reason=unstable_if action=reinterpret pc=0x0000000004694cd4 method=java.lang.ref.ReferenceQueue.poll()Ljava/lang/ref/Reference; @ 4
Event: 1.901 Thread 0x000000001baa3800 Uncommon trap: reason=unstable_if action=reinterpret pc=0x00000000046e02d8 method=javax.swing.text.html.parser.Parser.readCh()I @ 36
Event: 1.909 Thread 0x000000001baa3800 Uncommon trap: reason=class_check action=maybe_recompile pc=0x000000000465ae18 method=java.util.Vector.indexOf(Ljava/lang/Object;I)I @ 51
Event: 290.673 Thread 0x000000001ac78800 Uncommon trap: reason=unstable_if action=reinterpret pc=0x0000000004576078 method=java.util.WeakHashMap.expungeStaleEntries()V @ 53
Event: 2526.909 Thread 0x000000001ac78800 Uncommon trap: reason=null_check action=make_not_entrant pc=0x00000000048673f4 method=javax.swing.text.StyleContext$SmallAttributeSet.equals(Ljava/lang/Object;)Z @ 1
Event: 3917.603 Thread 0x000000001ac78800 Uncommon trap: reason=null_check action=make_not_entrant pc=0x00000000048a3910 method=javax.swing.text.StyleContext$SmallAttributeSet.equals(Ljava/lang/Object;)Z @ 1
Event: 5281.245 Thread 0x000000001ac78800 Uncommon trap: reason=unstable_if action=reinterpret pc=0x0000000004bac6f4 method=java.text.SimpleDateFormat.subFormat(IILjava/text/Format$FieldDelegate;Ljava/lang/StringBuffer;Z)V @ 756

Internal exceptions (10 events):
Event: 0.128 Thread 0x00000000043de000 Exception <a 'java/security/PrivilegedActionException'> (0x00000000d5d90248) thrown at [C:\re\workspace\8-2-build-windows-amd64-cygwin\jdk8u121\8372\hotspot\src\share\vm\prims\jvm.cpp, line 1390]
Event: 0.129 Thread 0x00000000043de000 Exception <a 'java/security/PrivilegedActionException'> (0x00000000d5d93eb8) thrown at [C:\re\workspace\8-2-build-windows-amd64-cygwin\jdk8u121\8372\hotspot\src\share\vm\prims\jvm.cpp, line 1390]
Event: 0.129 Thread 0x00000000043de000 Exception <a 'java/security/PrivilegedActionException'> (0x00000000d5d940c8) thrown at [C:\re\workspace\8-2-build-windows-amd64-cygwin\jdk8u121\8372\hotspot\src\share\vm\prims\jvm.cpp, line 1390]
Event: 0.133 Thread 0x00000000043de000 Exception <a 'java/io/FileNotFoundException'> (0x00000000d5d965e0) thrown at [C:\re\workspace\8-2-build-windows-amd64-cygwin\jdk8u121\8372\hotspot\src\share\vm\prims\jni.cpp, line 709]
Event: 0.175 Thread 0x00000000043de000 Exception <a 'java/lang/NoSuchFieldError': method resolution failed> (0x00000000d5f0a478) thrown at [C:\re\workspace\8-2-build-windows-amd64-cygwin\jdk8u121\8372\hotspot\src\share\vm\prims\methodHandles.cpp, line 1146]
Event: 0.177 Thread 0x00000000043de000 Exception <a 'java/lang/NoSuchFieldError': method resolution failed> (0x00000000d5f17848) thrown at [C:\re\workspace\8-2-build-windows-amd64-cygwin\jdk8u121\8372\hotspot\src\share\vm\prims\methodHandles.cpp, line 1146]
Event: 0.225 Thread 0x000000001ac78800 Exception <a 'java/io/FileNotFoundException'> (0x00000000d60f49c0) thrown at [C:\re\workspace\8-2-build-windows-amd64-cygwin\jdk8u121\8372\hotspot\src\share\vm\prims\jni.cpp, line 709]
Event: 0.239 Thread 0x000000001ac78800 Implicit null exception at 0x0000000004552a62 to 0x0000000004552c29
Event: 2526.893 Thread 0x000000001ac78800 Implicit null exception at 0x0000000004865a45 to 0x00000000048673d9
Event: 3917.534 Thread 0x000000001ac78800 Implicit null exception at 0x00000000048a2526 to 0x00000000048a38e1

Events (10 events):
Event: 3917.603 Executing VM operation: RevokeBias done
Event: 3917.612 Thread 0x000000001ac78800 DEOPT PACKING pc=0x00000000048a3910 sp=0x000000001b7ddc70
Event: 3917.621 Thread 0x000000001ac78800 DEOPT UNPACKING pc=0x000000000442582a sp=0x000000001b7ddae0 mode 2
Event: 4251.868 Executing VM operation: ParallelGCFailedAllocation
Event: 4252.260 Executing VM operation: ParallelGCFailedAllocation done
Event: 4252.262 Executing VM operation: BulkRevokeBias
Event: 4252.338 Executing VM operation: BulkRevokeBias done
Event: 5241.377 Thread 0x000000001ac78800 Uncommon trap: trap_request=0xffffff65 fr.pc=0x0000000004bac6f4
Event: 5296.008 Thread 0x000000001ac78800 DEOPT PACKING pc=0x0000000004bac6f4 sp=0x000000001b7de2f0
Event: 5353.127 Thread 0x000000001ac78800 DEOPT UNPACKING pc=0x000000000442582a sp=0x000000001b7de300 mode 2


Dynamic libraries:
0x00007ff738de0000 - 0x00007ff738e17000 	C:\Program Files\Java\jre1.8.0_121\bin\javaw.exe
0x00007ffe80cb0000 - 0x00007ffe80e90000 	C:\WINDOWS\SYSTEM32\ntdll.dll
0x00007ffe7f260000 - 0x00007ffe7f30e000 	C:\WINDOWS\System32\KERNEL32.DLL
0x00007ffe7dde0000 - 0x00007ffe7e046000 	C:\WINDOWS\System32\KERNELBASE.dll
0x00007ffe7ede0000 - 0x00007ffe7ee81000 	C:\WINDOWS\System32\ADVAPI32.dll
0x00007ffe7e3e0000 - 0x00007ffe7e47d000 	C:\WINDOWS\System32\msvcrt.dll
0x00007ffe80b40000 - 0x00007ffe80b9b000 	C:\WINDOWS\System32\sechost.dll
0x00007ffe7e2c0000 - 0x00007ffe7e3df000 	C:\WINDOWS\System32\RPCRT4.dll
0x00007ffe7f000000 - 0x00007ffe7f18f000 	C:\WINDOWS\System32\USER32.dll
0x00007ffe7e050000 - 0x00007ffe7e070000 	C:\WINDOWS\System32\win32u.dll
0x00007ffe80b10000 - 0x00007ffe80b38000 	C:\WINDOWS\System32\GDI32.dll
0x00007ffe7d1b0000 - 0x00007ffe7d344000 	C:\WINDOWS\System32\gdi32full.dll
0x00007ffe7d520000 - 0x00007ffe7d5bb000 	C:\WINDOWS\System32\msvcp_win.dll
0x00007ffe7d0b0000 - 0x00007ffe7d1a6000 	C:\WINDOWS\System32\ucrtbase.dll
0x00007ffe74e70000 - 0x00007ffe750d9000 	C:\WINDOWS\WinSxS\amd64_microsoft.windows.common-controls_6595b64144ccf1df_6.0.16299.64_none_cc9304e22215ca8f\COMCTL32.dll
0x00007ffe7e650000 - 0x00007ffe7e958000 	C:\WINDOWS\System32\combase.dll
0x00007ffe7dd10000 - 0x00007ffe7dd82000 	C:\WINDOWS\System32\bcryptPrimitives.dll
0x00007ffe7edb0000 - 0x00007ffe7eddd000 	C:\WINDOWS\System32\IMM32.DLL
0x00000000700f0000 - 0x00000000701c2000 	C:\Program Files\Java\jre1.8.0_121\bin\msvcr100.dll
0x00000000701d0000 - 0x0000000070a6b000 	C:\Program Files\Java\jre1.8.0_121\bin\server\jvm.dll
0x00007ffe7e480000 - 0x00007ffe7e488000 	C:\WINDOWS\System32\PSAPI.DLL
0x00007ffe72110000 - 0x00007ffe72119000 	C:\WINDOWS\SYSTEM32\WSOCK32.dll
0x00007ffe7e490000 - 0x00007ffe7e4fc000 	C:\WINDOWS\System32\WS2_32.dll
0x00007ffe78cf0000 - 0x00007ffe78d13000 	C:\WINDOWS\SYSTEM32\WINMM.dll
0x00007ffe779f0000 - 0x00007ffe779fa000 	C:\WINDOWS\SYSTEM32\VERSION.dll
0x00007ffe78c90000 - 0x00007ffe78cba000 	C:\WINDOWS\SYSTEM32\WINMMBASE.dll
0x00007ffe7dd90000 - 0x00007ffe7ddda000 	C:\WINDOWS\System32\cfgmgr32.dll
0x0000000071380000 - 0x000000007138f000 	C:\Program Files\Java\jre1.8.0_121\bin\verify.dll
0x0000000071350000 - 0x0000000071379000 	C:\Program Files\Java\jre1.8.0_121\bin\java.dll
0x0000000071330000 - 0x0000000071346000 	C:\Program Files\Java\jre1.8.0_121\bin\zip.dll
0x00007ffe7f510000 - 0x00007ffe80947000 	C:\WINDOWS\System32\SHELL32.dll
0x00007ffe80950000 - 0x00007ffe809f6000 	C:\WINDOWS\System32\shcore.dll
0x00007ffe7d5c0000 - 0x00007ffe7dd07000 	C:\WINDOWS\System32\windows.storage.dll
0x00007ffe80c20000 - 0x00007ffe80c71000 	C:\WINDOWS\System32\shlwapi.dll
0x00007ffe7d040000 - 0x00007ffe7d051000 	C:\WINDOWS\System32\kernel.appcore.dll
0x00007ffe7d060000 - 0x00007ffe7d0ac000 	C:\WINDOWS\System32\powrprof.dll
0x00007ffe7d000000 - 0x00007ffe7d01b000 	C:\WINDOWS\System32\profapi.dll
0x000000006ff50000 - 0x00000000700e8000 	C:\Program Files\Java\jre1.8.0_121\bin\awt.dll
0x00007ffe7f190000 - 0x00007ffe7f255000 	C:\WINDOWS\System32\OLEAUT32.dll
0x00007ffe7b090000 - 0x00007ffe7b117000 	C:\WINDOWS\SYSTEM32\apphelp.dll
0x00007ffe7b1c0000 - 0x00007ffe7b255000 	C:\WINDOWS\system32\uxtheme.dll
0x00007ffe7ee90000 - 0x00007ffe7eff7000 	C:\WINDOWS\System32\MSCTF.dll
0x00007ffe7b480000 - 0x00007ffe7b4aa000 	C:\WINDOWS\system32\dwmapi.dll
0x00007ffe7e500000 - 0x00007ffe7e649000 	C:\WINDOWS\System32\ole32.dll
0x00007ffe63ac0000 - 0x00007ffe63bde000 	C:\WINDOWS\system32\opengl32.dll
0x00007ffe63f50000 - 0x00007ffe63f7c000 	C:\WINDOWS\SYSTEM32\GLU32.dll
0x000000006ff00000 - 0x000000006ff47000 	C:\Program Files\Java\jre1.8.0_121\bin\fontmanager.dll
0x0000000071310000 - 0x000000007132a000 	C:\Program Files\Java\jre1.8.0_121\bin\net.dll
0x00007ffe7c890000 - 0x00007ffe7c8f6000 	C:\WINDOWS\system32\mswsock.dll
0x00000000712f0000 - 0x0000000071301000 	C:\Program Files\Java\jre1.8.0_121\bin\nio.dll
0x000000006feb0000 - 0x000000006fef2000 	C:\Program Files\Java\jre1.8.0_121\bin\t2k.dll
0x00007ffe7c660000 - 0x00007ffe7c716000 	C:\WINDOWS\SYSTEM32\DNSAPI.dll
0x00007ffe7e2b0000 - 0x00007ffe7e2b8000 	C:\WINDOWS\System32\NSI.dll
0x00007ffe7c620000 - 0x00007ffe7c659000 	C:\WINDOWS\SYSTEM32\IPHLPAPI.DLL
0x0000000070a90000 - 0x0000000070ab6000 	C:\Program Files\Bonjour\mdnsNSP.dll
0x00007ffe750e0000 - 0x00007ffe750ea000 	C:\Windows\System32\rasadhlp.dll
0x00007ffe760c0000 - 0x00007ffe76130000 	C:\WINDOWS\System32\fwpuclnt.dll
0x00007ffe7cb60000 - 0x00007ffe7cb85000 	C:\WINDOWS\SYSTEM32\bcrypt.dll
0x00007ffe737d0000 - 0x00007ffe73868000 	C:\WINDOWS\System32\TextInputFramework.dll
0x00007ffe78440000 - 0x00007ffe7872e000 	C:\WINDOWS\System32\CoreUIComponents.dll
0x00007ffe7aa80000 - 0x00007ffe7ab5d000 	C:\WINDOWS\System32\CoreMessaging.dll
0x00007ffe79410000 - 0x00007ffe79546000 	C:\WINDOWS\SYSTEM32\wintypes.dll
0x00007ffe7c140000 - 0x00007ffe7c171000 	C:\WINDOWS\SYSTEM32\ntmarta.dll

VM Arguments:
jvm_args: -Dfile.encoding=Cp1252 
java_command: mainProgram.Front_End_Content
java_class_path (initial): C:\Users\Gary\git\SchoolProjects\bin;C:\Users\Gary\git\SchoolProjects\libraries\itext-5.0.2.jar;C:\Users\Gary\git\SchoolProjects\libraries\commons-io-2.6.jar;C:\Users\Gary\git\SchoolProjects\libraries\commons-lang-2.6.jar;C:\Users\Gary\git\SchoolProjects\libraries\commons-logging-1.1.1.jar;C:\Users\Gary\git\SchoolProjects\libraries\hsqldb.jar;C:\Users\Gary\git\SchoolProjects\libraries\jackcess-2.1.6.jar;C:\Users\Gary\git\SchoolProjects\libraries\ucanaccess-4.0.2.jar
Launcher Type: SUN_STANDARD

Environment Variables:
USERNAME=Gary
OS=Windows_NT
PROCESSOR_IDENTIFIER=Intel64 Family 6 Model 61 Stepping 4, GenuineIntel



---------------  S Y S T E M  ---------------

OS: Windows 10.0 , 64 bit Build 16299 (10.0.16299.15)

CPU:total 4 (2 cores per cpu, 2 threads per core) family 6 model 61 stepping 4, cmov, cx8, fxsr, mmx, sse, sse2, sse3, ssse3, sse4.1, sse4.2, popcnt, avx, avx2, aes, clmul, erms, 3dnowpref, lzcnt, ht, tsc, tscinvbit, bmi1, bmi2, adx

Memory: 4k page, physical 8296900k(690484k free), swap 33215772k(910784k free)

vm_info: Java HotSpot(TM) 64-Bit Server VM (25.121-b13) for windows-amd64 JRE (1.8.0_121-b13), built on Dec 12 2016 18:21:36 by "java_re" with MS VC++ 10.0 (VS2010)

time: Wed Nov 22 00:05:03 2017
elapsed time: 5521 seconds (0d 1h 32m 1s)

